<?xml version="1.0" encoding="UTF-8"?>
<testng-results skipped="0" failed="0" total="2" passed="2">
  <reporter-output>
  </reporter-output>
  <suite name="Default suite" duration-ms="65" started-at="2020-05-12T13:48:45Z" finished-at="2020-05-12T13:48:45Z">
    <groups>
    </groups>
    <test name="Default test" duration-ms="65" started-at="2020-05-12T13:48:45Z" finished-at="2020-05-12T13:48:45Z">
      <class name="Enab">
        <test-method status="PASS" signature="test()[pri:0, instance:Enab@3d9750]" name="test" duration-ms="28" started-at="2020-05-12T19:18:45Z" finished-at="2020-05-12T19:18:45Z">
          <reporter-output>
          </reporter-output>
        </test-method> <!-- test -->
        <test-method status="PASS" signature="test3()[pri:0, instance:Enab@3d9750]" name="test3" duration-ms="1" started-at="2020-05-12T19:18:45Z" finished-at="2020-05-12T19:18:45Z">
          <reporter-output>
          </reporter-output>
        </test-method> <!-- test3 -->
      </class> <!-- Enab -->
    </test> <!-- Default test -->
  </suite> <!-- Default suite -->
</testng-results>
